flutter_text_translation_starter/build/app/intermediates/manifest_merge_blame_file/debug/manifest-merger-blame-debug-report.txt
1<?xml version="1.0" encoding="utf-8"?>
2<manifest xmlns:android="http://schemas.android.com/apk/res/android"
3    package="com.example.classroom"
4    android:versionCode="1"
5    android:versionName="1.0.0" >
6
7    <uses-sdk
8        android:minSdkVersion="19"
9        android:targetSdkVersion="28" />
10    <!--
11         Flutter needs it to communicate with the running application
12         to allow setting breakpoints, to provide hot reload, etc.
13    -->
14    <uses-permission android:name="android.permission.INTERNET" />
14-->src\debug\AndroidManifest.xml:6:5-66
14-->src\debug\AndroidManifest.xml:6:22-64
15    <uses-permission android:name="android.permission.ACCESS_NETWORK_STATE" />
15-->[com.google.firebase:firebase-config:19.0.0] AndroidManifest.xml:25:5-79
15-->[com.google.firebase:firebase-config:19.0.0] AndroidManifest.xml:25:22-76
16    <uses-permission android:name="android.permission.WAKE_LOCK" /> <!-- Required by older versions of Google Play services to create IID tokens -->
16-->[com.google.firebase:firebase-iid:19.0.0] AndroidManifest.xml:24:5-68
16-->[com.google.firebase:firebase-iid:19.0.0] AndroidManifest.xml:24:22-65
17    <uses-permission android:name="com.google.android.c2dm.permission.RECEIVE" />
17-->[com.google.firebase:firebase-iid:19.0.0] AndroidManifest.xml:26:5-82
17-->[com.google.firebase:firebase-iid:19.0.0] AndroidManifest.xml:26:22-79
18    <!--
19 io.flutter.app.FlutterApplication is an android.app.Application that
20         calls FlutterMain.startInitialization(this); in its onCreate method.
21         In most cases you can leave this as-is, but you if you want to provide
22         additional functionality it is fine to subclass or reimplement
23         FlutterApplication and put your custom class here.
24    -->
25    <application
25-->src\main\AndroidManifest.xml:8:5-46:19
26        android:name="io.flutter.app.FlutterApplication"
26-->src\main\AndroidManifest.xml:9:9-57
27        android:appComponentFactory="androidx.core.app.CoreComponentFactory"
27-->[androidx.core:core:1.1.0] AndroidManifest.xml:24:18-86
28        android:debuggable="true"
29        android:icon="@mipmap/ic_launcher"
29-->src\main\AndroidManifest.xml:11:9-43
30        android:label="classroom" >
30-->src\main\AndroidManifest.xml:10:9-34
31        <activity
31-->src\main\AndroidManifest.xml:12:9-40:20
32            android:name="com.example.classroom.MainActivity"
32-->src\main\AndroidManifest.xml:13:13-41
33            android:configChanges="orientation|keyboardHidden|keyboard|screenSize|smallestScreenSize|locale|layoutDirection|fontScale|screenLayout|density|uiMode"
33-->src\main\AndroidManifest.xml:16:13-163
34            android:hardwareAccelerated="true"
34-->src\main\AndroidManifest.xml:17:13-47
35            android:launchMode="singleTop"
35-->src\main\AndroidManifest.xml:14:13-43
36            android:theme="@style/LaunchTheme"
36-->src\main\AndroidManifest.xml:15:13-47
37            android:windowSoftInputMode="adjustResize" >
37-->src\main\AndroidManifest.xml:18:13-55
38
39            <!--
40                 Specifies an Android theme to apply to this Activity as soon as
41                 the Android process has started. This theme is visible to the user
42                 while the Flutter UI initializes. After that, this theme continues
43                 to determine the Window background behind the Flutter UI.
44            -->
45            <meta-data
45-->src\main\AndroidManifest.xml:23:13-26:17
46                android:name="io.flutter.embedding.android.NormalTheme"
46-->src\main\AndroidManifest.xml:24:15-70
47                android:resource="@style/NormalTheme" />
47-->src\main\AndroidManifest.xml:25:15-52
48            <!--
49                 Displays an Android View that continues showing the launch screen
50                 Drawable until Flutter paints its first frame, then this splash
51                 screen fades out. A splash screen is useful to avoid any visual
52                 gap between the end of Android's launch screen and the painting of
53                 Flutter's first frame.
54            -->
55            <meta-data
55-->src\main\AndroidManifest.xml:32:13-35:17
56                android:name="io.flutter.embedding.android.SplashScreenDrawable"
56-->src\main\AndroidManifest.xml:33:15-79
57                android:resource="@drawable/launch_background" />
57-->src\main\AndroidManifest.xml:34:15-61
58
59            <intent-filter>
59-->src\main\AndroidManifest.xml:36:13-39:29
60                <action android:name="android.intent.action.MAIN" />
60-->src\main\AndroidManifest.xml:37:17-68
60-->src\main\AndroidManifest.xml:37:25-66
61
62                <category android:name="android.intent.category.LAUNCHER" />
62-->src\main\AndroidManifest.xml:38:17-76
62-->src\main\AndroidManifest.xml:38:27-74
63            </intent-filter>
64        </activity>
65        <!--
66             Don't delete the meta-data below.
67             This is used by the Flutter tool to generate GeneratedPluginRegistrant.java
68        -->
69        <meta-data
69-->src\main\AndroidManifest.xml:43:9-45:33
70            android:name="flutterEmbedding"
70-->src\main\AndroidManifest.xml:44:13-44
71            android:value="2" />
71-->src\main\AndroidManifest.xml:45:13-30
72
73        <service
73-->[com.google.firebase:firebase-ml-natural-language:22.0.0] AndroidManifest.xml:9:9-15:19
74            android:name="com.google.firebase.components.ComponentDiscoveryService"
74-->[com.google.firebase:firebase-ml-natural-language:22.0.0] AndroidManifest.xml:10:13-84
75            android:exported="false" >
75-->[com.google.firebase:firebase-ml-natural-language:22.0.0] AndroidManifest.xml:11:13-37
76            <meta-data
76-->[com.google.firebase:firebase-ml-natural-language:22.0.0] AndroidManifest.xml:12:13-14:85
77                android:name="com.google.firebase.components:com.google.firebase.ml.naturallanguage.NaturalLanguageRegistrar"
77-->[com.google.firebase:firebase-ml-natural-language:22.0.0] AndroidManifest.xml:13:17-126
78                android:value="com.google.firebase.components.ComponentRegistrar" />
78-->[com.google.firebase:firebase-ml-natural-language:22.0.0] AndroidManifest.xml:14:17-82
79            <meta-data
79-->[com.google.firebase:firebase-ml-natural-language-translate:22.0.0] AndroidManifest.xml:12:13-14:85
80                android:name="com.google.firebase.components:com.google.firebase.ml.naturallanguage.translate.NaturalLanguageTranslateRegistrar"
80-->[com.google.firebase:firebase-ml-natural-language-translate:22.0.0] AndroidManifest.xml:13:17-145
81                android:value="com.google.firebase.components.ComponentRegistrar" />
81-->[com.google.firebase:firebase-ml-natural-language-translate:22.0.0] AndroidManifest.xml:14:17-82
82            <meta-data
82-->[com.google.firebase:firebase-ml-common:22.0.0] AndroidManifest.xml:11:13-13:85
83                android:name="com.google.firebase.components:com.google.firebase.ml.common.CommonComponentRegistrar"
83-->[com.google.firebase:firebase-ml-common:22.0.0] AndroidManifest.xml:12:17-117
84                android:value="com.google.firebase.components.ComponentRegistrar" />
84-->[com.google.firebase:firebase-ml-common:22.0.0] AndroidManifest.xml:13:17-82
85            <meta-data
85-->[com.google.firebase:firebase-config:19.0.0] AndroidManifest.xml:32:13-34:85
86                android:name="com.google.firebase.components:com.google.firebase.remoteconfig.RemoteConfigRegistrar"
86-->[com.google.firebase:firebase-config:19.0.0] AndroidManifest.xml:33:17-117
87                android:value="com.google.firebase.components.ComponentRegistrar" />
87-->[com.google.firebase:firebase-config:19.0.0] AndroidManifest.xml:34:17-82
88            <meta-data
88-->[com.google.firebase:firebase-iid:19.0.0] AndroidManifest.xml:32:13-34:85
89                android:name="com.google.firebase.components:com.google.firebase.iid.Registrar"
89-->[com.google.firebase:firebase-iid:19.0.0] AndroidManifest.xml:33:17-96
90                android:value="com.google.firebase.components.ComponentRegistrar" />
90-->[com.google.firebase:firebase-iid:19.0.0] AndroidManifest.xml:34:17-82
91            <meta-data
91-->[com.google.firebase:firebase-abt:19.0.0] AndroidManifest.xml:13:13-15:85
92                android:name="com.google.firebase.components:com.google.firebase.abt.component.AbtRegistrar"
92-->[com.google.firebase:firebase-abt:19.0.0] AndroidManifest.xml:14:17-109
93                android:value="com.google.firebase.components.ComponentRegistrar" />
93-->[com.google.firebase:firebase-abt:19.0.0] AndroidManifest.xml:15:17-82
94        </service>
95
96        <receiver
96-->[com.google.firebase:firebase-iid:19.0.0] AndroidManifest.xml:37:9-44:20
97            android:name="com.google.firebase.iid.FirebaseInstanceIdReceiver"
97-->[com.google.firebase:firebase-iid:19.0.0] AndroidManifest.xml:38:13-78
98            android:exported="true"
98-->[com.google.firebase:firebase-iid:19.0.0] AndroidManifest.xml:39:13-36
99            android:permission="com.google.android.c2dm.permission.SEND" >
99-->[com.google.firebase:firebase-iid:19.0.0] AndroidManifest.xml:40:13-73
100            <intent-filter>
100-->[com.google.firebase:firebase-iid:19.0.0] AndroidManifest.xml:41:13-43:29
101                <action android:name="com.google.android.c2dm.intent.RECEIVE" />
101-->[com.google.firebase:firebase-iid:19.0.0] AndroidManifest.xml:42:17-81
101-->[com.google.firebase:firebase-iid:19.0.0] AndroidManifest.xml:42:25-78
102            </intent-filter>
103        </receiver>
104
105        <activity
105-->[com.google.android.gms:play-services-base:17.0.0] AndroidManifest.xml:23:9-26:75
106            android:name="com.google.android.gms.common.api.GoogleApiActivity"
106-->[com.google.android.gms:play-services-base:17.0.0] AndroidManifest.xml:24:13-79
107            android:exported="false"
107-->[com.google.android.gms:play-services-base:17.0.0] AndroidManifest.xml:25:13-37
108            android:theme="@android:style/Theme.Translucent.NoTitleBar" />
108-->[com.google.android.gms:play-services-base:17.0.0] AndroidManifest.xml:26:13-72
109
110        <provider
110-->[com.google.firebase:firebase-common:19.0.0] AndroidManifest.xml:12:9-16:39
111            android:name="com.google.firebase.provider.FirebaseInitProvider"
111-->[com.google.firebase:firebase-common:19.0.0] AndroidManifest.xml:13:13-77
112            android:authorities="com.example.classroom.firebaseinitprovider"
112-->[com.google.firebase:firebase-common:19.0.0] AndroidManifest.xml:14:13-72
113            android:exported="false"
113-->[com.google.firebase:firebase-common:19.0.0] AndroidManifest.xml:15:13-37
114            android:initOrder="100" />
114-->[com.google.firebase:firebase-common:19.0.0] AndroidManifest.xml:16:13-36
115
116        <meta-data
116-->[com.google.android.gms:play-services-basement:17.0.0] AndroidManifest.xml:23:9-25:69
117            android:name="com.google.android.gms.version"
117-->[com.google.android.gms:play-services-basement:17.0.0] AndroidManifest.xml:24:13-58
118            android:value="@integer/google_play_services_version" />
118-->[com.google.android.gms:play-services-basement:17.0.0] AndroidManifest.xml:25:13-66
119    </application>
120
121</manifest>